<?xml version="1.0" encoding="UTF-8"?>
<!-- Generated by org.testng.reporters.JUnitReportReporter -->
<testsuite hostname="keveen-PC" name="ERP.DataDrivenScript" tests="1" failures="0" timestamp="24 Feb 2016 02:05:33 GMT" time="55.158" errors="0">
  <testcase name="ReadXL_DataDriven" time="55.158" classname="ERP.DataDrivenScript"/>
</testsuite> <!-- ERP.DataDrivenScript -->
